<?xml version="1.0" encoding="UTF-8"?>
<!-- Generated by org.testng.reporters.JUnitReportReporter -->
<testsuite skipped="0" hostname="DESKTOP-L2SU6O1" name="Tests.Login" tests="1" failures="0" timestamp="27 Jan 2018 02:19:28 GMT" time="13.577" errors="0">
  <testcase name="loginTestPOM" time="13.577" classname="Tests.Login"/>
</testsuite> <!-- Tests.Login -->
