<?xml version="1.0" encoding="UTF-8"?>
<!-- Generated by org.testng.reporters.JUnitReportReporter -->
<testsuite skipped="0" hostname="DESKTOP-L2SU6O1" name="smoketests.LoginPresentTestNG" tests="1" failures="0" timestamp="09 Jul 2018 05:18:22 GMT" time="6.650" errors="0">
  <testcase name="loginElementsPresentTest" time="6.650" classname="smoketests.LoginPresentTestNG"/>
</testsuite> <!-- smoketests.LoginPresentTestNG -->
