<?xml version="1.0" encoding="UTF-8"?>
<!-- Generated by org.testng.reporters.JUnitReportReporter -->
<testsuite skipped="0" hostname="DESKTOP-L2SU6O1" name="Tests.LoginDDT" tests="4" failures="0" timestamp="08 Jul 2018 21:18:44 GMT" time="32.499" errors="0">
  <testcase name="loginTest" time="7.578" classname="Tests.LoginDDT"/>
  <testcase name="loginTest" time="9.873" classname="Tests.LoginDDT"/>
  <testcase name="loginTest" time="7.438" classname="Tests.LoginDDT"/>
  <testcase name="loginTest" time="7.610" classname="Tests.LoginDDT"/>
</testsuite> <!-- Tests.LoginDDT -->
