<?xml version="1.0" encoding="UTF-8"?>
<!-- Generated by org.testng.reporters.JUnitReportReporter -->
<testsuite skipped="0" hostname="DESKTOP-L2SU6O1" name="smoketests.ATagsTest" tests="2" failures="0" timestamp="09 Jul 2018 06:01:32 GMT" time="13.006" errors="0">
  <testcase name="loginElementsPresentTest" time="7.149" classname="smoketests.ATagsTest"/>
  <testcase name="loginElementsPresentTest" time="5.857" classname="smoketests.ATagsTest"/>
</testsuite> <!-- smoketests.ATagsTest -->
